<?xml version="1.0" encoding="UTF-8"?>
<!-- Generated by org.testng.reporters.JUnitReportReporter -->
<testsuite hostname="NAYANA" failures="0" tests="1" name="test.Loginpagetest" time="0.835" errors="0" timestamp="2023-06-27T15:05:23 IST" skipped="0">
  <testcase classname="test.Loginpagetest" name="testing" time="0.835"/>
  <system-out/>
</testsuite> <!-- test.Loginpagetest -->
